<?xml version="1.0" encoding="UTF-8"?>
<!-- Generated by org.testng.reporters.JUnitReportReporter -->
<testsuite hostname="LAPTOP-FJVUST8L" failures="0" tests="1" name="com.test.NewTest1" time="4.978" errors="0" timestamp="2022-09-26T12:16:05 IST" skipped="0">
  <testcase classname="com.test.NewTest1" name="f" time="4.978"/>
</testsuite> <!-- com.test.NewTest1 -->
