<?xml version="1.0" encoding="UTF-8"?>
<!-- Generated by org.testng.reporters.JUnitReportReporter -->
<testsuite hostname="LAPTOP-FJVUST8L" failures="0" tests="1" name="com.test.FirstSeleniumTest" time="77.302" errors="0" timestamp="2022-09-27T10:05:10 IST" skipped="0">
  <testcase classname="com.test.FirstSeleniumTest" name="f" time="77.302"/>
</testsuite> <!-- com.test.FirstSeleniumTest -->
