<?xml version="1.0" encoding="UTF-8"?>
<!-- Generated by org.testng.reporters.JUnitReportReporter -->
<testsuite hostname="LAPTOP-FJVUST8L" failures="0" tests="1" name="com.test.NewTest2" time="40.878" errors="0" timestamp="2022-09-26T12:46:33 IST" skipped="0">
  <testcase classname="com.test.NewTest2" name="f" time="40.878"/>
</testsuite> <!-- com.test.NewTest2 -->
