<?xml version="1.0" encoding="UTF-8"?>
<!-- Generated by org.testng.reporters.JUnitReportReporter -->
<testsuite hostname="LAPTOP-FJVUST8L" failures="0" tests="1" name="com.test.NewTest" time="0.021" errors="0" timestamp="2022-09-28T18:39:33 IST" skipped="0">
  <testcase classname="com.test.NewTest" name="f" time="0.021"/>
</testsuite> <!-- com.test.NewTest -->
