<?xml version="1.0" encoding="UTF-8"?>
<!-- Generated by org.testng.reporters.JUnitReportReporter -->
<testsuite hostname="LAPTOP-FJVUST8L" failures="0" tests="1" name="com.test.XpathExample" time="38.824" errors="0" timestamp="2022-10-03T19:20:12 IST" skipped="0">
  <testcase classname="com.test.XpathExample" name="f" time="38.824"/>
</testsuite> <!-- com.test.XpathExample -->
