<?xml version="1.0" encoding="UTF-8"?>
<!-- Generated by org.testng.reporters.JUnitReportReporter -->
<testsuite hostname="LAPTOP-FJVUST8L" failures="0" tests="2" name="com.ex4.BAsicAnnotationExamples.TestAnnotationBeforeGroups" time="0.014" errors="0" timestamp="2022-09-28T17:59:17 IST" skipped="0">
  <testcase classname="com.ex4.BAsicAnnotationExamples.TestAnnotationBeforeGroups" name="testMethod1" time="0.001"/>
  <testcase classname="com.ex4.BAsicAnnotationExamples.TestAnnotationBeforeGroups" name="testMethod" time="0.013"/>
</testsuite> <!-- com.ex4.BAsicAnnotationExamples.TestAnnotationBeforeGroups -->
