<?xml version="1.0" encoding="UTF-8"?>
<!-- Generated by org.testng.reporters.JUnitReportReporter -->
<testsuite hostname="LAPTOP-FJVUST8L" failures="0" tests="2" name="com.ex4.BAsicAnnotationExamples.TestAnnotations" time="0.023" errors="0" timestamp="2022-09-28T17:40:42 IST" skipped="0">
  <testcase classname="com.ex4.BAsicAnnotationExamples.TestAnnotations" name="Test2" time="0.005"/>
  <testcase classname="com.ex4.BAsicAnnotationExamples.TestAnnotations" name="Test1" time="0.018"/>
</testsuite> <!-- com.ex4.BAsicAnnotationExamples.TestAnnotations -->
