<?xml version="1.0" encoding="UTF-8"?>
<!-- Generated by org.testng.reporters.JUnitReportReporter -->
<testsuite hostname="LAPTOP-FJVUST8L" failures="0" tests="1" name="com.ex1.SampleTest" time="0.013" errors="0" timestamp="2022-09-28T17:19:04 IST" skipped="0">
  <testcase classname="com.ex1.SampleTest" name="testmethod" time="0.013"/>
</testsuite> <!-- com.ex1.SampleTest -->
