<?xml version="1.0" encoding="UTF-8"?>
<!-- Generated by org.testng.reporters.JUnitReportReporter -->
<testsuite hostname="LAPTOP-FJVUST8L" failures="0" tests="4" name="com.ex2.DataProviderTest" time="0.018" errors="0" timestamp="2022-09-28T17:25:00 IST" skipped="0">
  <testcase classname="com.ex2.DataProviderTest" name="testMethodTwo" time="0.002"/>
  <testcase classname="com.ex2.DataProviderTest" name="testMethodOne" time="0.002"/>
  <testcase classname="com.ex2.DataProviderTest" name="testMethodOne" time="0.012"/>
  <testcase classname="com.ex2.DataProviderTest" name="testMethodTwo" time="0.002"/>
</testsuite> <!-- com.ex2.DataProviderTest -->
