<?xml version="1.0" encoding="UTF-8"?>
<!-- Generated by org.testng.reporters.JUnitReportReporter -->
<testsuite hostname="LAPTOP-FJVUST8L" failures="0" tests="1" name="com.ex1.TestDetails2" time="0.002" errors="0" timestamp="2022-09-28T13:10:56 IST" skipped="0">
  <testcase classname="com.ex1.TestDetails2" name="testmethod" time="0.002"/>
</testsuite> <!-- com.ex1.TestDetails2 -->
